<?xml version="1.0" encoding="UTF-8"?>
<!-- Generated by org.testng.reporters.JUnitReportReporter -->
<testsuite hostname="BLR-159" failures="0" tests="1" name="testCases.TC_003_DeleteLead" time="8.010" errors="0" timestamp="2023-09-06T18:50:26 IST" skipped="0">
  <testcase classname="testCases.TC_003_DeleteLead" name="DeleteLeadTest" time="8.010"/>
  <system-out/>
</testsuite> <!-- testCases.TC_003_DeleteLead -->
