<?xml version="1.0" encoding="UTF-8"?>
<!-- Generated by org.testng.reporters.JUnitReportReporter -->
<testsuite hostname="BLR-159" failures="0" tests="1" name="testCases.TC_002_AddLead" time="6.840" errors="0" timestamp="2023-09-06T18:50:26 IST" skipped="0">
  <testcase classname="testCases.TC_002_AddLead" name="AddLead" time="6.840"/>
  <system-out/>
</testsuite> <!-- testCases.TC_002_AddLead -->
