<?xml version="1.0" encoding="UTF-8"?>
<!-- Generated by org.testng.reporters.JUnitReportReporter -->
<testsuite hostname="BLR-159" failures="0" tests="1" name="testCases.TC_004_AddAdmin" time="7.517" errors="0" timestamp="2023-08-29T15:47:53 IST" skipped="0">
  <testcase classname="testCases.TC_004_AddAdmin" name="addadmin" time="7.517"/>
  <system-out/>
</testsuite> <!-- testCases.TC_004_AddAdmin -->
