<?xml version="1.0" encoding="UTF-8"?>
<!-- Generated by org.testng.reporters.JUnitReportReporter -->
<testsuite hostname="BLR-159" failures="0" tests="1" name="testCases.LogOut" time="4.589" errors="0" timestamp="2023-06-06T15:59:47 IST" skipped="0">
  <testcase classname="testCases.LogOut" name="logoutTest" time="4.589"/>
  <system-out/>
</testsuite> <!-- testCases.LogOut -->
