<?xml version="1.0" encoding="UTF-8"?>
<!-- Generated by org.testng.reporters.JUnitReportReporter -->
<testsuite hostname="BLR-159" failures="0" tests="1" name="testCases.TC_004_AddAgent" time="8.257" errors="0" timestamp="2023-09-06T18:50:26 IST" skipped="0">
  <testcase classname="testCases.TC_004_AddAgent" name="addadmin" time="8.257"/>
  <system-out/>
</testsuite> <!-- testCases.TC_004_AddAgent -->
