<?xml version="1.0" encoding="UTF-8"?>
<!-- Generated by org.testng.reporters.JUnitReportReporter -->
<testsuite hostname="BLR-159" failures="0" tests="1" name="testCases.TC_005_AddAdmin" time="6.925" errors="0" timestamp="2023-09-06T18:50:26 IST" skipped="0">
  <testcase classname="testCases.TC_005_AddAdmin" name="AddAdmin" time="6.925"/>
  <system-out/>
</testsuite> <!-- testCases.TC_005_AddAdmin -->
